[2026-01-19T14:57:45+10:00] [INFO] Logging to /home/wizard/Code/sonic-stick/LOGS/install-ventoy-2026-01-19T14:57:45+10:00.log
[2026-01-19T14:57:45+10:00] [INFO] Environment snapshot:
[2026-01-19T14:57:45+10:00] [INFO] Environment snapshot:
[2026-01-19T14:57:45+10:00] [INFO] uname: Linux wizard-dell-server 6.8.0-90-generic #91~22.04.1-Ubuntu SMP PREEMPT_DYNAMIC Thu Nov 20 15:20:45 UTC 2 x86_64 x86_64 x86_64 GNU/Linux
[2026-01-19T14:57:45+10:00] [INFO] uname: Linux wizard-dell-server 6.8.0-90-generic #91~22.04.1-Ubuntu SMP PREEMPT_DYNAMIC Thu Nov 20 15:20:45 UTC 2 x86_64 x86_64 x86_64 GNU/Linux
[2026-01-19T14:57:45+10:00] [INFO] lsblk: NAME     SIZE FSTYPE   LABEL;loop0      4K squashfs ;loop1   74.3M squashfs ;loop2   73.9M squashfs ;loop3  271.2M squashfs ;loop4  251.6M squashfs ;loop5  505.1M squashfs ;loop6  531.4M squashfs ;loop7   91.7M squashfs ;loop8   12.9M squashfs ;loop9   38.8M squashfs ;loop10  12.2M squashfs ;loop11  48.1M squashfs ;loop12   576K squashfs ;loop13   500K squashfs ;sda    238.5G          ;├─sda1   512M vfat     ;└─sda2   238G ext4     ;sdb        0B          ;sr0     1024M          ;
[2026-01-19T14:57:45+10:00] [INFO] lsblk: NAME     SIZE FSTYPE   LABEL;loop0      4K squashfs ;loop1   74.3M squashfs ;loop2   73.9M squashfs ;loop3  271.2M squashfs ;loop4  251.6M squashfs ;loop5  505.1M squashfs ;loop6  531.4M squashfs ;loop7   91.7M squashfs ;loop8   12.9M squashfs ;loop9   38.8M squashfs ;loop10  12.2M squashfs ;loop11  48.1M squashfs ;loop12   576K squashfs ;loop13   500K squashfs ;sda    238.5G          ;├─sda1   512M vfat     ;└─sda2   238G ext4     ;sdb        0B          ;sr0     1024M          ;
[2026-01-19T14:57:45+10:00] [INFO] df: Filesystem      Size  Used Avail Mounted on;tmpfs           764M  2.0M  762M /run;/dev/sda2       234G   33G  189G /;tmpfs           3.8G     0  3.8G /dev/shm;tmpfs           5.0M  4.0K  5.0M /run/lock;efivarfs        256K  194K   58K /sys/firmware/efi/efivars;/dev/sda1       511M  6.1M  505M /boot/efi;tmpfs           764M  100K  764M /run/user/1000;
[2026-01-19T14:57:45+10:00] [INFO] df: Filesystem      Size  Used Avail Mounted on;tmpfs           764M  2.0M  762M /run;/dev/sda2       234G   33G  189G /;tmpfs           3.8G     0  3.8G /dev/shm;tmpfs           5.0M  4.0K  5.0M /run/lock;efivarfs        256K  194K   58K /sys/firmware/efi/efivars;/dev/sda1       511M  6.1M  505M /boot/efi;tmpfs           764M  100K  764M /run/user/1000;
[2026-01-19T14:57:45+10:00] [INFO] ============================================
[2026-01-19T14:57:45+10:00] [INFO] ============================================
[2026-01-19T14:57:45+10:00] [INFO] Ventoy Installer - install mode
[2026-01-19T14:57:45+10:00] [INFO] Ventoy Installer - install mode
[2026-01-19T14:57:45+10:00] [INFO] ============================================
[2026-01-19T14:57:45+10:00] [INFO] ============================================
[2026-01-19T14:57:45+10:00] [INFO] Target USB: /dev/sdb
[2026-01-19T14:57:45+10:00] [INFO] Target USB: /dev/sdb
[2026-01-19T14:57:45+10:00] [INFO] Ventoy version: 1.1.10
[2026-01-19T14:57:45+10:00] [INFO] Ventoy version: 1.1.10
NAME MAJ:MIN RM SIZE RO TYPE MOUNTPOINTS
sdb    8:16   1   0B  0 disk 
Type 'ERASE' to proceed with install: [2026-01-19T14:57:48+10:00] [INFO] Unmounting partitions...
[2026-01-19T14:57:48+10:00] [INFO] Unmounting partitions...
[2026-01-19T14:57:48+10:00] [INFO] Running Ventoy installer...
[2026-01-19T14:57:48+10:00] [INFO] Running Ventoy installer...

**********************************************
      Ventoy: 1.1.10  x86_64
      longpanda admin@ventoy.net
      https://www.ventoy.net
**********************************************

[31mFailed to access /dev/sdb, maybe root privilege is needed![0m

[2026-01-19T14:57:50+10:00] [WARN] Warning: Ventoy verification inconclusive (may still be OK)
[2026-01-19T14:57:50+10:00] [WARN] Warning: Ventoy verification inconclusive (may still be OK)
[2026-01-19T14:57:50+10:00] [INFO] ============================================
[2026-01-19T14:57:50+10:00] [INFO] ============================================
[2026-01-19T14:57:50+10:00] [INFO] Ventoy installed successfully
[2026-01-19T14:57:50+10:00] [INFO] Ventoy installed successfully
[2026-01-19T14:57:50+10:00] [INFO] ============================================
[2026-01-19T14:57:50+10:00] [INFO] ============================================
[2026-01-19T14:57:50+10:00] [INFO] Mount data partition and copy ISOs:
[2026-01-19T14:57:50+10:00] [INFO] Mount data partition and copy ISOs:
[2026-01-19T14:57:50+10:00] [INFO]   sudo mkdir -p /mnt/sonic
[2026-01-19T14:57:50+10:00] [INFO]   sudo mkdir -p /mnt/sonic
[2026-01-19T14:57:50+10:00] [INFO]   sudo mount /dev/sdb1 /mnt/sonic   # Ventoy data partition
[2026-01-19T14:57:50+10:00] [INFO]   sudo mount /dev/sdb1 /mnt/sonic   # Ventoy data partition
[2026-01-19T14:57:50+10:00] [INFO]   sudo cp -r ../ISOS/* /mnt/sonic/ISOS/
[2026-01-19T14:57:50+10:00] [INFO]   sudo cp -r ../ISOS/* /mnt/sonic/ISOS/
[2026-01-19T14:57:50+10:00] [INFO]   sudo cp -r ../RaspberryPi/* /mnt/sonic/RaspberryPi/
[2026-01-19T14:57:50+10:00] [INFO]   sudo cp -r ../RaspberryPi/* /mnt/sonic/RaspberryPi/
[2026-01-19T14:57:50+10:00] [INFO]   sudo mkdir -p /mnt/sonic/ventoy && sudo cp -v ../config/ventoy/ventoy.json /mnt/sonic/ventoy/
[2026-01-19T14:57:50+10:00] [INFO]   sudo mkdir -p /mnt/sonic/ventoy && sudo cp -v ../config/ventoy/ventoy.json /mnt/sonic/ventoy/
[2026-01-19T14:57:50+10:00] [INFO]   sudo umount /mnt/sonic
[2026-01-19T14:57:50+10:00] [INFO]   sudo umount /mnt/sonic
[2026-01-19T14:57:50+10:00] [OK] install-ventoy finished
[2026-01-19T14:57:50+10:00] [OK] install-ventoy finished
