[2026-01-19T14:40:10+10:00] [INFO] Logging to /home/wizard/Code/sonic-stick/LOGS/sonic-stick-2026-01-19T14:40:10+10:00.log
[2026-01-19T14:40:10+10:00] [INFO] ============================================
[2026-01-19T14:40:10+10:00] [INFO] ============================================
[2026-01-19T14:40:10+10:00] [INFO] Sonic Stick Launcher
[2026-01-19T14:40:10+10:00] [INFO] Sonic Stick Launcher
[2026-01-19T14:40:10+10:00] [INFO] ============================================
[2026-01-19T14:40:10+10:00] [INFO] ============================================
[2026-01-19T14:40:10+10:00] [INFO] Target USB device: /dev/sdb (override with USB=/dev/sdX)
[2026-01-19T14:40:10+10:00] [INFO] Target USB device: /dev/sdb (override with USB=/dev/sdX)
[2026-01-19T14:40:10+10:00] [INFO] Ventoy version: 1.1.10
[2026-01-19T14:40:10+10:00] [INFO] Ventoy version: 1.1.10
[2026-01-19T14:40:10+10:00] [INFO] Repo: /home/wizard/Code/sonic-stick
[2026-01-19T14:40:10+10:00] [INFO] Repo: /home/wizard/Code/sonic-stick

Select an action:
  1) Download payloads (ISOs, Ventoy, Pi images)
  2) Install/Upgrade Ventoy only
  3) Reflash stick (install Ventoy + copy ISOs + data partition)
  4) Rebuild from scratch (wipe and rebuild)
  5) Create data partition only
  6) Scan library (refresh iso-catalog)
  7) Fix 'not a standard ventoy' error
  8) Verify stick (check structure and configuration)
  9) Collect support logs
  10) Quit

Choice [1-10]: [2026-01-19T14:40:20+10:00] [INFO] ============================================
[2026-01-19T14:40:20+10:00] [INFO] ============================================
[2026-01-19T14:40:20+10:00] [INFO] Download payloads
[2026-01-19T14:40:20+10:00] [INFO] Download payloads
[2026-01-19T14:40:20+10:00] [INFO] ============================================
[2026-01-19T14:40:20+10:00] [INFO] ============================================
Sonic Stick download starting
Base directory: /home/wizard/Code/sonic-stick

Planned downloads (9):
  [01] /home/wizard/Code/sonic-stick/TOOLS/ventoy-1.1.10-linux.tar.gz
       https://github.com/ventoy/Ventoy/releases/download/v1.1.10/ventoy-1.1.10-linux.tar.gz
  [02] /home/wizard/Code/sonic-stick/ISOS/Rescue/CorePure64-15.0.iso
       http://tinycorelinux.net/15.x/x86_64/release/CorePure64-15.0.iso
  [03] /home/wizard/Code/sonic-stick/ISOS/Minimal/alpine-standard-3.19.1-x86_64.iso
       https://dl-cdn.alpinelinux.org/alpine/v3.19/releases/x86_64/alpine-standard-3.19.1-x86_64.iso
  [04] /home/wizard/Code/sonic-stick/RaspberryPi/raspios-bookworm-arm64-lite.img.xz
       https://downloads.raspberrypi.com/raspios_lite_arm64/images/raspios_lite_arm64-2024-03-15/2024-03-15-raspios-bookworm-arm64-lite.img.xz
  [05] /home/wizard/Code/sonic-stick/RaspberryPi/ubuntu-22.04.5-preinstalled-server-arm64+raspi.img.xz
       https://cdimage.ubuntu.com/releases/22.04/release/ubuntu-22.04.5-preinstalled-server-arm64+raspi.img.xz
  [06] /home/wizard/Code/sonic-stick/RaspberryPi/DietPi_RPi234-ARMv8-Bookworm.img.xz
       https://dietpi.com/downloads/images/DietPi_RPi234-ARMv8-Bookworm.img.xz
  [07] /home/wizard/Code/sonic-stick/ISOS/Ubuntu/ubuntu-22.04.5-desktop-amd64.iso
       https://releases.ubuntu.com/jammy/ubuntu-22.04.5-desktop-amd64.iso
  [08] /home/wizard/Code/sonic-stick/ISOS/Ubuntu/lubuntu-22.04.5-desktop-amd64.iso
       https://cdimage.ubuntu.com/lubuntu/releases/jammy/release/lubuntu-22.04.5-desktop-amd64.iso
  [09] /home/wizard/Code/sonic-stick/ISOS/Ubuntu/ubuntu-mate-22.04.5-desktop-amd64.iso
       https://cdimage.ubuntu.com/ubuntu-mate/releases/jammy/release/ubuntu-mate-22.04.5-desktop-amd64.iso

[1/9] Downloading: ventoy-1.1.10-linux.tar.gz
    URL: https://github.com/ventoy/Ventoy/releases/download/v1.1.10/ventoy-1.1.10-linux.tar.gz
Connecting to release-assets.githubusercontent.com (release-assets.githubusercontent.com)|185.199.111.133|:443... connected.
HTTP request sent, awaiting response... 416 Range Not Satisfiable

    The file is already fully retrieved; nothing to do.

    ✓ Complete

[2/9] Downloading: CorePure64-15.0.iso
    URL: http://tinycorelinux.net/15.x/x86_64/release/CorePure64-15.0.iso
Connecting to tinycorelinux.net (tinycorelinux.net)|128.127.66.77|:80... connected.
HTTP request sent, awaiting response... 416 Requested Range Not Satisfiable

    The file is already fully retrieved; nothing to do.

    ✓ Complete

[3/9] Downloading: alpine-standard-3.19.1-x86_64.iso
    URL: https://dl-cdn.alpinelinux.org/alpine/v3.19/releases/x86_64/alpine-standard-3.19.1-x86_64.iso
Connecting to dl-cdn.alpinelinux.org (dl-cdn.alpinelinux.org)|199.232.50.132|:443... connected.
HTTP request sent, awaiting response... 416 Range Not Satisfiable

    The file is already fully retrieved; nothing to do.

    ✓ Complete

[4/9] Downloading: raspios-bookworm-arm64-lite.img.xz
    URL: https://downloads.raspberrypi.com/raspios_lite_arm64/images/raspios_lite_arm64-2024-03-15/2024-03-15-raspios-bookworm-arm64-lite.img.xz
Connecting to downloads.raspberrypi.com (downloads.raspberrypi.com)|176.126.240.86|:443... connected.
HTTP request sent, awaiting response... 416 Requested Range Not Satisfiable

    The file is already fully retrieved; nothing to do.

    ✓ Complete

[5/9] Downloading: ubuntu-22.04.5-preinstalled-server-arm64+raspi.img.xz
    URL: https://cdimage.ubuntu.com/releases/22.04/release/ubuntu-22.04.5-preinstalled-server-arm64+raspi.img.xz
Connecting to cdimage.ubuntu.com (cdimage.ubuntu.com)|185.125.190.37|:443... connected.
HTTP request sent, awaiting response... 416 Requested Range Not Satisfiable

    The file is already fully retrieved; nothing to do.

    ✓ Complete

[6/9] Downloading: DietPi_RPi234-ARMv8-Bookworm.img.xz
    URL: https://dietpi.com/downloads/images/DietPi_RPi234-ARMv8-Bookworm.img.xz
Connecting to dietpi.com (dietpi.com)|172.67.69.57|:443... connected.
HTTP request sent, awaiting response... 416 Range Not Satisfiable

    The file is already fully retrieved; nothing to do.

    ✓ Complete

[7/9] Downloading: ubuntu-22.04.5-desktop-amd64.iso
    URL: https://releases.ubuntu.com/jammy/ubuntu-22.04.5-desktop-amd64.iso
Connecting to releases.ubuntu.com (releases.ubuntu.com)|185.125.190.37|:443... connected.
HTTP request sent, awaiting response... 416 Requested Range Not Satisfiable

    The file is already fully retrieved; nothing to do.

    ✓ Complete

[8/9] Downloading: lubuntu-22.04.5-desktop-amd64.iso
    URL: https://cdimage.ubuntu.com/lubuntu/releases/jammy/release/lubuntu-22.04.5-desktop-amd64.iso
Connecting to cdimage.ubuntu.com (cdimage.ubuntu.com)|91.189.91.124|:443... connected.
HTTP request sent, awaiting response... 416 Requested Range Not Satisfiable

    The file is already fully retrieved; nothing to do.

    ✓ Complete

[9/9] Downloading: ubuntu-mate-22.04.5-desktop-amd64.iso
    URL: https://cdimage.ubuntu.com/ubuntu-mate/releases/jammy/release/ubuntu-mate-22.04.5-desktop-amd64.iso
Connecting to cdimage.ubuntu.com (cdimage.ubuntu.com)|91.189.91.124|:443... connected.
HTTP request sent, awaiting response... 416 Requested Range Not Satisfiable

    The file is already fully retrieved; nothing to do.

    ✓ Complete

===================================
All downloads complete!
===================================

Next steps:
  1. Plug in your USB stick (label it SONIC)
  2. Run: sudo bash scripts/reflash-complete.sh
  3. Follow prompts to install Ventoy and partition the stick

Press Enter to continue...
Select an action:
  1) Download payloads (ISOs, Ventoy, Pi images)
  2) Install/Upgrade Ventoy only
  3) Reflash stick (install Ventoy + copy ISOs + data partition)
  4) Rebuild from scratch (wipe and rebuild)
  5) Create data partition only
  6) Scan library (refresh iso-catalog)
  7) Fix 'not a standard ventoy' error
  8) Verify stick (check structure and configuration)
  9) Collect support logs
  10) Quit

Choice [1-10]: [2026-01-19T14:40:50+10:00] [INFO] ============================================
[2026-01-19T14:40:50+10:00] [INFO] ============================================
[2026-01-19T14:40:50+10:00] [INFO] Fix Ventoy error
[2026-01-19T14:40:50+10:00] [INFO] Fix Ventoy error
[2026-01-19T14:40:50+10:00] [INFO] ============================================
[2026-01-19T14:40:50+10:00] [INFO] ============================================
[2026-01-19T14:40:50+10:00] [INFO] Logging to /home/wizard/Code/sonic-stick/LOGS/sonic-stick-2026-01-19T14:40:10+10:00.log
[2026-01-19T14:40:50+10:00] [INFO] Logging to /home/wizard/Code/sonic-stick/LOGS/sonic-stick-2026-01-19T14:40:10+10:00.log
[2026-01-19T14:40:50+10:00] [INFO] ============================================
[2026-01-19T14:40:50+10:00] [INFO] ============================================
[2026-01-19T14:40:50+10:00] [INFO] ============================================
[2026-01-19T14:40:50+10:00] [INFO] Sonic Stick Ventoy Recovery Tool
[2026-01-19T14:40:50+10:00] [INFO] Sonic Stick Ventoy Recovery Tool
[2026-01-19T14:40:50+10:00] [INFO] Sonic Stick Ventoy Recovery Tool
[2026-01-19T14:40:50+10:00] [INFO] ============================================
[2026-01-19T14:40:50+10:00] [INFO] ============================================
[2026-01-19T14:40:50+10:00] [INFO] ============================================
[2026-01-19T14:40:50+10:00] [INFO] Current USB state:
[2026-01-19T14:40:50+10:00] [INFO] Current USB state:
[2026-01-19T14:40:50+10:00] [INFO] Current USB state:
NAME   MAJ:MIN RM   SIZE RO TYPE MOUNTPOINTS
sdb      8:16   1 114.6G  0 disk 
├─sdb1   8:17   1 111.8G  0 part /media/wizard/SONIC
├─sdb2   8:18   1    32M  0 part 
└─sdb3   8:19   1   2.3G  0 part /media/wizard/FLASH
NAME   MAJ:MIN RM   SIZE RO TYPE MOUNTPOINTS
sdb      8:16   1 114.6G  0 disk 
├─sdb1   8:17   1 111.8G  0 part /media/wizard/SONIC
├─sdb2   8:18   1    32M  0 part 
└─sdb3   8:19   1   2.3G  0 part /media/wizard/FLASH
[2026-01-19T14:40:50+10:00] [INFO] ============================================
[2026-01-19T14:40:50+10:00] [INFO] ============================================
[2026-01-19T14:40:50+10:00] [INFO] ============================================
[2026-01-19T14:40:50+10:00] [INFO] Step 1: Diagnosing the issue...
[2026-01-19T14:40:50+10:00] [INFO] Step 1: Diagnosing the issue...
[2026-01-19T14:40:50+10:00] [INFO] Step 1: Diagnosing the issue...
[2026-01-19T14:40:50+10:00] [INFO] ============================================
[2026-01-19T14:40:50+10:00] [INFO] ============================================
[2026-01-19T14:40:50+10:00] [INFO] ============================================
[2026-01-19T14:40:50+10:00] [WARN] No Ventoy partition detected - Ventoy may not be properly installed
[2026-01-19T14:40:50+10:00] [WARN] No Ventoy partition detected - Ventoy may not be properly installed
[2026-01-19T14:40:50+10:00] [WARN] No Ventoy partition detected - Ventoy may not be properly installed
[2026-01-19T14:40:50+10:00] [INFO] ============================================
[2026-01-19T14:40:50+10:00] [INFO] ============================================
[2026-01-19T14:40:50+10:00] [INFO] ============================================
[2026-01-19T14:40:50+10:00] [INFO] Step 2: Repair options
[2026-01-19T14:40:50+10:00] [INFO] Step 2: Repair options
[2026-01-19T14:40:50+10:00] [INFO] Step 2: Repair options
[2026-01-19T14:40:50+10:00] [INFO] ============================================
[2026-01-19T14:40:50+10:00] [INFO] ============================================
[2026-01-19T14:40:50+10:00] [INFO] ============================================

[0;34mOptions:[0m
  1) Full reinstall (wipe + fresh Ventoy + copy configs)
  2) Quick fix (copy/validate ventoy.json only)
  3) Upgrade Ventoy (keep existing partitions)

[0;34mOptions:[0m
  1) Full reinstall (wipe + fresh Ventoy + copy configs)
  2) Quick fix (copy/validate ventoy.json only)
  3) Upgrade Ventoy (keep existing partitions)
  4) Exit

  4) Exit

Choose action [1-4]: Choose action [1-4]: [2026-01-19T14:40:59+10:00] [INFO] ============================================
[2026-01-19T14:40:59+10:00] [INFO] ============================================
[2026-01-19T14:40:59+10:00] [INFO] ============================================
[2026-01-19T14:40:59+10:00] [INFO] Full Reinstall
[2026-01-19T14:40:59+10:00] [INFO] Full Reinstall
[2026-01-19T14:40:59+10:00] [INFO] Full Reinstall
[2026-01-19T14:40:59+10:00] [INFO] ============================================
[2026-01-19T14:40:59+10:00] [INFO] ============================================
[2026-01-19T14:40:59+10:00] [INFO] ============================================
[0;31mWARNING: This will erase all data on /dev/sdb[0m
Type 'ERASE' to proceed: [0;31mWARNING: This will erase all data on /dev/sdb[0m
Type 'ERASE' to proceed: [2026-01-19T14:41:04+10:00] [INFO] Unmounting all partitions...
[2026-01-19T14:41:04+10:00] [INFO] Unmounting all partitions...
[2026-01-19T14:41:04+10:00] [INFO] Unmounting all partitions...
[2026-01-19T14:41:05+10:00] [INFO] Running fresh Ventoy installation...
[2026-01-19T14:41:05+10:00] [INFO] Running fresh Ventoy installation...
[2026-01-19T14:41:05+10:00] [INFO] Running fresh Ventoy installation...
[2026-01-19T14:41:05+10:00] [INFO] Logging to /home/wizard/Code/sonic-stick/LOGS/sonic-stick-2026-01-19T14:40:10+10:00.log
[2026-01-19T14:41:05+10:00] [INFO] Logging to /home/wizard/Code/sonic-stick/LOGS/sonic-stick-2026-01-19T14:40:10+10:00.log
[2026-01-19T14:41:05+10:00] [INFO] Logging to /home/wizard/Code/sonic-stick/LOGS/sonic-stick-2026-01-19T14:40:10+10:00.log
[2026-01-19T14:41:05+10:00] [INFO] Environment snapshot:
[2026-01-19T14:41:05+10:00] [INFO] Environment snapshot:
[2026-01-19T14:41:05+10:00] [INFO] Environment snapshot:
[2026-01-19T14:41:05+10:00] [INFO] Environment snapshot:
[2026-01-19T14:41:05+10:00] [INFO] uname: Linux wizard-dell-server 6.8.0-90-generic #91~22.04.1-Ubuntu SMP PREEMPT_DYNAMIC Thu Nov 20 15:20:45 UTC 2 x86_64 x86_64 x86_64 GNU/Linux
[2026-01-19T14:41:05+10:00] [INFO] uname: Linux wizard-dell-server 6.8.0-90-generic #91~22.04.1-Ubuntu SMP PREEMPT_DYNAMIC Thu Nov 20 15:20:45 UTC 2 x86_64 x86_64 x86_64 GNU/Linux
[2026-01-19T14:41:05+10:00] [INFO] uname: Linux wizard-dell-server 6.8.0-90-generic #91~22.04.1-Ubuntu SMP PREEMPT_DYNAMIC Thu Nov 20 15:20:45 UTC 2 x86_64 x86_64 x86_64 GNU/Linux
[2026-01-19T14:41:05+10:00] [INFO] uname: Linux wizard-dell-server 6.8.0-90-generic #91~22.04.1-Ubuntu SMP PREEMPT_DYNAMIC Thu Nov 20 15:20:45 UTC 2 x86_64 x86_64 x86_64 GNU/Linux
[2026-01-19T14:41:05+10:00] [INFO] lsblk: NAME     SIZE FSTYPE   LABEL;loop0      4K squashfs ;loop1   74.3M squashfs ;loop2   73.9M squashfs ;loop3  271.2M squashfs ;loop4  251.6M squashfs ;loop5  505.1M squashfs ;loop6  531.4M squashfs ;loop7   91.7M squashfs ;loop8   12.9M squashfs ;loop9   38.8M squashfs ;loop10  12.2M squashfs ;loop11  48.1M squashfs ;loop12   500K squashfs ;loop13   576K squashfs ;sda    238.5G          ;├─sda1   512M vfat     ;└─sda2   238G ext4     ;sdb    114.6G          ;├─sdb1 111.8G exfat    SONIC;├─sdb2    32M vfat     VTOYEFI;└─sdb3   2.3G ext4     FLASH;sr0     1024M          ;
[2026-01-19T14:41:05+10:00] [INFO] lsblk: NAME     SIZE FSTYPE   LABEL;loop0      4K squashfs ;loop1   74.3M squashfs ;loop2   73.9M squashfs ;loop3  271.2M squashfs ;loop4  251.6M squashfs ;loop5  505.1M squashfs ;loop6  531.4M squashfs ;loop7   91.7M squashfs ;loop8   12.9M squashfs ;loop9   38.8M squashfs ;loop10  12.2M squashfs ;loop11  48.1M squashfs ;loop12   500K squashfs ;loop13   576K squashfs ;sda    238.5G          ;├─sda1   512M vfat     ;└─sda2   238G ext4     ;sdb    114.6G          ;├─sdb1 111.8G exfat    SONIC;├─sdb2    32M vfat     VTOYEFI;└─sdb3   2.3G ext4     FLASH;sr0     1024M          ;
[2026-01-19T14:41:05+10:00] [INFO] lsblk: NAME     SIZE FSTYPE   LABEL;loop0      4K squashfs ;loop1   74.3M squashfs ;loop2   73.9M squashfs ;loop3  271.2M squashfs ;loop4  251.6M squashfs ;loop5  505.1M squashfs ;loop6  531.4M squashfs ;loop7   91.7M squashfs ;loop8   12.9M squashfs ;loop9   38.8M squashfs ;loop10  12.2M squashfs ;loop11  48.1M squashfs ;loop12   500K squashfs ;loop13   576K squashfs ;sda    238.5G          ;├─sda1   512M vfat     ;└─sda2   238G ext4     ;sdb    114.6G          ;├─sdb1 111.8G exfat    SONIC;├─sdb2    32M vfat     VTOYEFI;└─sdb3   2.3G ext4     FLASH;sr0     1024M          ;
[2026-01-19T14:41:05+10:00] [INFO] lsblk: NAME     SIZE FSTYPE   LABEL;loop0      4K squashfs ;loop1   74.3M squashfs ;loop2   73.9M squashfs ;loop3  271.2M squashfs ;loop4  251.6M squashfs ;loop5  505.1M squashfs ;loop6  531.4M squashfs ;loop7   91.7M squashfs ;loop8   12.9M squashfs ;loop9   38.8M squashfs ;loop10  12.2M squashfs ;loop11  48.1M squashfs ;loop12   500K squashfs ;loop13   576K squashfs ;sda    238.5G          ;├─sda1   512M vfat     ;└─sda2   238G ext4     ;sdb    114.6G          ;├─sdb1 111.8G exfat    SONIC;├─sdb2    32M vfat     VTOYEFI;└─sdb3   2.3G ext4     FLASH;sr0     1024M          ;
[2026-01-19T14:41:05+10:00] [INFO] df: Filesystem      Size  Used Avail Mounted on;tmpfs           764M  2.1M  762M /run;/dev/sda2       234G   33G  189G /;tmpfs           3.8G   13M  3.8G /dev/shm;tmpfs           5.0M  4.0K  5.0M /run/lock;efivarfs        256K  183K   69K /sys/firmware/efi/efivars;/dev/sda1       511M  6.1M  505M /boot/efi;tmpfs           764M  112K  764M /run/user/1000;/dev/sdb3       2.3G   60K  2.1G /media/wizard/FLASH;/dev/sdb1       112G   14G   99G /media/wizard/SONIC;
[2026-01-19T14:41:05+10:00] [INFO] df: Filesystem      Size  Used Avail Mounted on;tmpfs           764M  2.1M  762M /run;/dev/sda2       234G   33G  189G /;tmpfs           3.8G   13M  3.8G /dev/shm;tmpfs           5.0M  4.0K  5.0M /run/lock;efivarfs        256K  183K   69K /sys/firmware/efi/efivars;/dev/sda1       511M  6.1M  505M /boot/efi;tmpfs           764M  112K  764M /run/user/1000;/dev/sdb3       2.3G   60K  2.1G /media/wizard/FLASH;/dev/sdb1       112G   14G   99G /media/wizard/SONIC;
[2026-01-19T14:41:05+10:00] [INFO] df: Filesystem      Size  Used Avail Mounted on;tmpfs           764M  2.1M  762M /run;/dev/sda2       234G   33G  189G /;tmpfs           3.8G   13M  3.8G /dev/shm;tmpfs           5.0M  4.0K  5.0M /run/lock;efivarfs        256K  183K   69K /sys/firmware/efi/efivars;/dev/sda1       511M  6.1M  505M /boot/efi;tmpfs           764M  112K  764M /run/user/1000;/dev/sdb3       2.3G   60K  2.1G /media/wizard/FLASH;/dev/sdb1       112G   14G   99G /media/wizard/SONIC;
[2026-01-19T14:41:05+10:00] [INFO] df: Filesystem      Size  Used Avail Mounted on;tmpfs           764M  2.1M  762M /run;/dev/sda2       234G   33G  189G /;tmpfs           3.8G   13M  3.8G /dev/shm;tmpfs           5.0M  4.0K  5.0M /run/lock;efivarfs        256K  183K   69K /sys/firmware/efi/efivars;/dev/sda1       511M  6.1M  505M /boot/efi;tmpfs           764M  112K  764M /run/user/1000;/dev/sdb3       2.3G   60K  2.1G /media/wizard/FLASH;/dev/sdb1       112G   14G   99G /media/wizard/SONIC;
[2026-01-19T14:41:05+10:00] [INFO] ============================================
[2026-01-19T14:41:05+10:00] [INFO] ============================================
[2026-01-19T14:41:05+10:00] [INFO] ============================================
[2026-01-19T14:41:05+10:00] [INFO] ============================================
[2026-01-19T14:41:05+10:00] [INFO] Ventoy Installer - install mode
[2026-01-19T14:41:05+10:00] [INFO] Ventoy Installer - install mode
[2026-01-19T14:41:05+10:00] [INFO] Ventoy Installer - install mode
[2026-01-19T14:41:05+10:00] [INFO] Ventoy Installer - install mode
[2026-01-19T14:41:05+10:00] [INFO] ============================================
[2026-01-19T14:41:05+10:00] [INFO] ============================================
[2026-01-19T14:41:05+10:00] [INFO] ============================================
[2026-01-19T14:41:05+10:00] [INFO] ============================================
[2026-01-19T14:41:05+10:00] [INFO] Target USB: /dev/sdb
[2026-01-19T14:41:05+10:00] [INFO] Target USB: /dev/sdb
[2026-01-19T14:41:05+10:00] [INFO] Target USB: /dev/sdb
[2026-01-19T14:41:05+10:00] [INFO] Target USB: /dev/sdb
[2026-01-19T14:41:05+10:00] [INFO] Ventoy version: 1.1.10
[2026-01-19T14:41:05+10:00] [INFO] Ventoy version: 1.1.10
[2026-01-19T14:41:05+10:00] [INFO] Ventoy version: 1.1.10
[2026-01-19T14:41:05+10:00] [INFO] Ventoy version: 1.1.10
NAME   MAJ:MIN RM   SIZE RO TYPE MOUNTPOINTS
sdb      8:16   1 114.6G  0 disk 
├─sdb1   8:17   1 111.8G  0 part /media/wizard/SONIC
├─sdb2   8:18   1    32M  0 part 
└─sdb3   8:19   1   2.3G  0 part /media/wizard/FLASH
NAME   MAJ:MIN RM   SIZE RO TYPE MOUNTPOINTS
sdb      8:16   1 114.6G  0 disk 
├─sdb1   8:17   1 111.8G  0 part /media/wizard/SONIC
├─sdb2   8:18   1    32M  0 part 
└─sdb3   8:19   1   2.3G  0 part /media/wizard/FLASH
NAME   MAJ:MIN RM   SIZE RO TYPE MOUNTPOINTS
sdb      8:16   1 114.6G  0 disk 
├─sdb1   8:17   1 111.8G  0 part /media/wizard/SONIC
├─sdb2   8:18   1    32M  0 part 
└─sdb3   8:19   1   2.3G  0 part /media/wizard/FLASH
Type 'ERASE' to proceed with install: Type 'ERASE' to proceed with install: Type 'ERASE' to proceed with install: [2026-01-19T14:41:11+10:00] [INFO] Unmounting partitions...
[2026-01-19T14:41:11+10:00] [INFO] Unmounting partitions...
[2026-01-19T14:41:11+10:00] [INFO] Unmounting partitions...
[2026-01-19T14:41:11+10:00] [INFO] Unmounting partitions...
[2026-01-19T14:41:11+10:00] [INFO] Running Ventoy installer...
[2026-01-19T14:41:11+10:00] [INFO] Running Ventoy installer...
[2026-01-19T14:41:11+10:00] [INFO] Running Ventoy installer...
[2026-01-19T14:41:11+10:00] [INFO] Running Ventoy installer...

**********************************************
      Ventoy: 1.1.10  x86_64
      longpanda admin@ventoy.net
      https://www.ventoy.net
**********************************************

[33m/dev/sdb already contains a Ventoy with version 1.0.98[0m
[33mUse -u option to do a safe upgrade operation.[0m
[33mOR if you really want to reinstall Ventoy to /dev/sdb, please use -I option.[0m
[33m[0m
[2026-01-19T14:41:14+10:00] [WARN] Warning: Ventoy verification inconclusive (may still be OK)
[2026-01-19T14:41:14+10:00] [WARN] Warning: Ventoy verification inconclusive (may still be OK)
[2026-01-19T14:41:14+10:00] [WARN] Warning: Ventoy verification inconclusive (may still be OK)
[2026-01-19T14:41:14+10:00] [WARN] Warning: Ventoy verification inconclusive (may still be OK)
[2026-01-19T14:41:14+10:00] [INFO] ============================================
[2026-01-19T14:41:14+10:00] [INFO] ============================================
[2026-01-19T14:41:14+10:00] [INFO] ============================================
[2026-01-19T14:41:14+10:00] [INFO] ============================================
[2026-01-19T14:41:14+10:00] [INFO] Ventoy installed successfully
[2026-01-19T14:41:14+10:00] [INFO] Ventoy installed successfully
[2026-01-19T14:41:14+10:00] [INFO] Ventoy installed successfully
[2026-01-19T14:41:14+10:00] [INFO] Ventoy installed successfully
[2026-01-19T14:41:14+10:00] [INFO] ============================================
[2026-01-19T14:41:14+10:00] [INFO] ============================================
[2026-01-19T14:41:14+10:00] [INFO] ============================================
[2026-01-19T14:41:14+10:00] [INFO] ============================================
[2026-01-19T14:41:14+10:00] [INFO] Mount data partition and copy ISOs:
[2026-01-19T14:41:14+10:00] [INFO] Mount data partition and copy ISOs:
[2026-01-19T14:41:14+10:00] [INFO] Mount data partition and copy ISOs:
[2026-01-19T14:41:14+10:00] [INFO] Mount data partition and copy ISOs:
[2026-01-19T14:41:14+10:00] [INFO]   sudo mkdir -p /mnt/sonic
[2026-01-19T14:41:14+10:00] [INFO]   sudo mkdir -p /mnt/sonic
[2026-01-19T14:41:14+10:00] [INFO]   sudo mkdir -p /mnt/sonic
[2026-01-19T14:41:14+10:00] [INFO]   sudo mkdir -p /mnt/sonic
[2026-01-19T14:41:14+10:00] [INFO]   sudo mount /dev/sdb1 /mnt/sonic   # Ventoy data partition
[2026-01-19T14:41:14+10:00] [INFO]   sudo mount /dev/sdb1 /mnt/sonic   # Ventoy data partition
[2026-01-19T14:41:14+10:00] [INFO]   sudo mount /dev/sdb1 /mnt/sonic   # Ventoy data partition
[2026-01-19T14:41:14+10:00] [INFO]   sudo mount /dev/sdb1 /mnt/sonic   # Ventoy data partition
[2026-01-19T14:41:14+10:00] [INFO]   sudo cp -r ../ISOS/* /mnt/sonic/ISOS/
[2026-01-19T14:41:14+10:00] [INFO]   sudo cp -r ../ISOS/* /mnt/sonic/ISOS/
[2026-01-19T14:41:14+10:00] [INFO]   sudo cp -r ../ISOS/* /mnt/sonic/ISOS/
[2026-01-19T14:41:14+10:00] [INFO]   sudo cp -r ../ISOS/* /mnt/sonic/ISOS/
[2026-01-19T14:41:14+10:00] [INFO]   sudo cp -r ../RaspberryPi/* /mnt/sonic/RaspberryPi/
[2026-01-19T14:41:14+10:00] [INFO]   sudo cp -r ../RaspberryPi/* /mnt/sonic/RaspberryPi/
[2026-01-19T14:41:14+10:00] [INFO]   sudo cp -r ../RaspberryPi/* /mnt/sonic/RaspberryPi/
[2026-01-19T14:41:14+10:00] [INFO]   sudo cp -r ../RaspberryPi/* /mnt/sonic/RaspberryPi/
[2026-01-19T14:41:14+10:00] [INFO]   sudo mkdir -p /mnt/sonic/ventoy && sudo cp -v ../config/ventoy/ventoy.json /mnt/sonic/ventoy/
[2026-01-19T14:41:14+10:00] [INFO]   sudo mkdir -p /mnt/sonic/ventoy && sudo cp -v ../config/ventoy/ventoy.json /mnt/sonic/ventoy/
[2026-01-19T14:41:14+10:00] [INFO]   sudo mkdir -p /mnt/sonic/ventoy && sudo cp -v ../config/ventoy/ventoy.json /mnt/sonic/ventoy/
[2026-01-19T14:41:14+10:00] [INFO]   sudo mkdir -p /mnt/sonic/ventoy && sudo cp -v ../config/ventoy/ventoy.json /mnt/sonic/ventoy/
[2026-01-19T14:41:14+10:00] [INFO]   sudo umount /mnt/sonic
[2026-01-19T14:41:14+10:00] [INFO]   sudo umount /mnt/sonic
[2026-01-19T14:41:14+10:00] [INFO]   sudo umount /mnt/sonic
[2026-01-19T14:41:14+10:00] [INFO]   sudo umount /mnt/sonic
[2026-01-19T14:41:14+10:00] [OK] install-ventoy finished
[2026-01-19T14:41:14+10:00] [OK] install-ventoy finished
[2026-01-19T14:41:14+10:00] [OK] install-ventoy finished
[2026-01-19T14:41:14+10:00] [OK] install-ventoy finished
[2026-01-19T14:41:16+10:00] [INFO] Copying Ventoy configuration...
[2026-01-19T14:41:16+10:00] [INFO] Copying Ventoy configuration...
[2026-01-19T14:41:16+10:00] [INFO] Copying Ventoy configuration...
[2026-01-19T14:41:16+10:00] [OK] Copying ventoy.json...
[2026-01-19T14:41:16+10:00] [OK] Copying ventoy.json...
[2026-01-19T14:41:16+10:00] [OK] Copying ventoy.json...
'/home/wizard/Code/sonic-stick/config/ventoy/ventoy.json' -> '/mnt/sonic/ventoy/ventoy.json'
'/home/wizard/Code/sonic-stick/config/ventoy/ventoy.json' -> '/mnt/sonic/ventoy/ventoy.json'
[2026-01-19T14:41:16+10:00] [OK] Copying Ubuntu ISOs...
[2026-01-19T14:41:16+10:00] [OK] Copying Ubuntu ISOs...
[2026-01-19T14:41:16+10:00] [OK] Copying Ubuntu ISOs...
'/home/wizard/Code/sonic-stick/ISOS/Ubuntu/lubuntu-22.04.5-desktop-amd64.iso' -> '/mnt/sonic/ISOS/Ubuntu/lubuntu-22.04.5-desktop-amd64.iso'
'/home/wizard/Code/sonic-stick/ISOS/Ubuntu/ubuntu-22.04.5-desktop-amd64.iso' -> '/mnt/sonic/ISOS/Ubuntu/ubuntu-22.04.5-desktop-amd64.iso'
'/home/wizard/Code/sonic-stick/ISOS/Ubuntu/ubuntu-mate-22.04.5-desktop-amd64.iso' -> '/mnt/sonic/ISOS/Ubuntu/ubuntu-mate-22.04.5-desktop-amd64.iso'
'/home/wizard/Code/sonic-stick/ISOS/Ubuntu/lubuntu-22.04.5-desktop-amd64.iso' -> '/mnt/sonic/ISOS/Ubuntu/lubuntu-22.04.5-desktop-amd64.iso'
'/home/wizard/Code/sonic-stick/ISOS/Ubuntu/ubuntu-22.04.5-desktop-amd64.iso' -> '/mnt/sonic/ISOS/Ubuntu/ubuntu-22.04.5-desktop-amd64.iso'
'/home/wizard/Code/sonic-stick/ISOS/Ubuntu/ubuntu-mate-22.04.5-desktop-amd64.iso' -> '/mnt/sonic/ISOS/Ubuntu/ubuntu-mate-22.04.5-desktop-amd64.iso'
[2026-01-19T14:46:19+10:00] [OK] Copying Minimal ISOs...
[2026-01-19T14:46:19+10:00] [OK] Copying Minimal ISOs...
[2026-01-19T14:46:19+10:00] [OK] Copying Minimal ISOs...
'/home/wizard/Code/sonic-stick/ISOS/Minimal/alpine-standard-3.19.1-x86_64.iso' -> '/mnt/sonic/ISOS/Minimal/alpine-standard-3.19.1-x86_64.iso'
'/home/wizard/Code/sonic-stick/ISOS/Minimal/alpine-standard-3.19.1-x86_64.iso' -> '/mnt/sonic/ISOS/Minimal/alpine-standard-3.19.1-x86_64.iso'
[2026-01-19T14:46:25+10:00] [OK] Copying Rescue ISOs...
[2026-01-19T14:46:25+10:00] [OK] Copying Rescue ISOs...
[2026-01-19T14:46:25+10:00] [OK] Copying Rescue ISOs...
'/home/wizard/Code/sonic-stick/ISOS/Rescue/CorePure64-15.0.iso' -> '/mnt/sonic/ISOS/Rescue/CorePure64-15.0.iso'
'/home/wizard/Code/sonic-stick/ISOS/Rescue/CorePure64-15.0.iso' -> '/mnt/sonic/ISOS/Rescue/CorePure64-15.0.iso'
[2026-01-19T14:46:26+10:00] [OK] Copying RaspberryPi images...
[2026-01-19T14:46:26+10:00] [OK] Copying RaspberryPi images...
[2026-01-19T14:46:26+10:00] [OK] Copying RaspberryPi images...
'/home/wizard/Code/sonic-stick/RaspberryPi/DietPi_RPi234-ARMv8-Bookworm.img.xz' -> '/mnt/sonic/RaspberryPi/DietPi_RPi234-ARMv8-Bookworm.img.xz'
'/home/wizard/Code/sonic-stick/RaspberryPi/raspios-bookworm-arm64-lite.img.xz' -> '/mnt/sonic/RaspberryPi/raspios-bookworm-arm64-lite.img.xz'
'/home/wizard/Code/sonic-stick/RaspberryPi/ubuntu-22.04.5-preinstalled-server-arm64+raspi.img.xz' -> '/mnt/sonic/RaspberryPi/ubuntu-22.04.5-preinstalled-server-arm64+raspi.img.xz'
'/home/wizard/Code/sonic-stick/RaspberryPi/DietPi_RPi234-ARMv8-Bookworm.img.xz' -> '/mnt/sonic/RaspberryPi/DietPi_RPi234-ARMv8-Bookworm.img.xz'
'/home/wizard/Code/sonic-stick/RaspberryPi/raspios-bookworm-arm64-lite.img.xz' -> '/mnt/sonic/RaspberryPi/raspios-bookworm-arm64-lite.img.xz'
'/home/wizard/Code/sonic-stick/RaspberryPi/ubuntu-22.04.5-preinstalled-server-arm64+raspi.img.xz' -> '/mnt/sonic/RaspberryPi/ubuntu-22.04.5-preinstalled-server-arm64+raspi.img.xz'
[2026-01-19T14:47:39+10:00] [OK] USB configuration complete
[2026-01-19T14:47:39+10:00] [OK] USB configuration complete
[2026-01-19T14:47:39+10:00] [OK] USB configuration complete
[2026-01-19T14:47:39+10:00] [OK] Full reinstall complete!
[2026-01-19T14:47:39+10:00] [OK] Full reinstall complete!
[2026-01-19T14:47:39+10:00] [OK] Full reinstall complete!
[2026-01-19T14:47:39+10:00] [INFO] ============================================
[2026-01-19T14:47:39+10:00] [INFO] ============================================
[2026-01-19T14:47:39+10:00] [INFO] ============================================
[2026-01-19T14:47:39+10:00] [INFO] Verification
[2026-01-19T14:47:39+10:00] [INFO] Verification
[2026-01-19T14:47:39+10:00] [INFO] Verification
[2026-01-19T14:47:39+10:00] [INFO] ============================================
[2026-01-19T14:47:39+10:00] [INFO] ============================================
[2026-01-19T14:47:39+10:00] [INFO] ============================================
[2026-01-19T14:47:39+10:00] [INFO] Final USB state:
[2026-01-19T14:47:39+10:00] [INFO] Final USB state:
[2026-01-19T14:47:39+10:00] [INFO] Final USB state:
NAME   MAJ:MIN RM   SIZE RO TYPE MOUNTPOINTS
sdb      8:16   1 114.6G  0 disk 
├─sdb1   8:17   1 111.8G  0 part 
├─sdb2   8:18   1    32M  0 part 
└─sdb3   8:19   1   2.3G  0 part 
NAME   MAJ:MIN RM   SIZE RO TYPE MOUNTPOINTS
sdb      8:16   1 114.6G  0 disk 
├─sdb1   8:17   1 111.8G  0 part 
├─sdb2   8:18   1    32M  0 part 
└─sdb3   8:19   1   2.3G  0 part 
[2026-01-19T14:47:39+10:00] [INFO] ============================================
[2026-01-19T14:47:39+10:00] [INFO] ============================================
[2026-01-19T14:47:39+10:00] [INFO] ============================================
[2026-01-19T14:47:39+10:00] [INFO] Recovery complete!
[2026-01-19T14:47:39+10:00] [INFO] Recovery complete!
[2026-01-19T14:47:39+10:00] [INFO] Recovery complete!
[2026-01-19T14:47:39+10:00] [INFO] ============================================
[2026-01-19T14:47:39+10:00] [INFO] ============================================
[2026-01-19T14:47:39+10:00] [INFO] ============================================

[0;32m✓ USB stick fixed![0m

[0;34mNext steps:[0m
1. Reboot with USB inserted
2. Select USB in boot menu (F12 or ESC)
3. You should see Ventoy menu

[1;33mIf still showing 'not a standard ventoy':[0m
  • Check BIOS boot order (USB should be first)
  • Try a different USB port
  • Verify with: sudo parted -l /dev/sdb


[0;32m✓ USB stick fixed![0m

[0;34mNext steps:[0m
1. Reboot with USB inserted
2. Select USB in boot menu (F12 or ESC)
3. You should see Ventoy menu

[1;33mIf still showing 'not a standard ventoy':[0m
  • Check BIOS boot order (USB should be first)
  • Try a different USB port
  • Verify with: sudo parted -l /dev/sdb

[2026-01-19T14:47:39+10:00] [OK] fix-ventoy-stick finished
[2026-01-19T14:47:39+10:00] [OK] fix-ventoy-stick finished
[2026-01-19T14:47:39+10:00] [OK] fix-ventoy-stick finished
Press Enter to continue...
Select an action:
  1) Download payloads (ISOs, Ventoy, Pi images)
  2) Install/Upgrade Ventoy only
  3) Reflash stick (install Ventoy + copy ISOs + data partition)
  4) Rebuild from scratch (wipe and rebuild)
  5) Create data partition only
  6) Scan library (refresh iso-catalog)
  7) Fix 'not a standard ventoy' error
  8) Verify stick (check structure and configuration)
  9) Collect support logs
  10) Quit

Choice [1-10]: [2026-01-19T14:49:17+10:00] [INFO] ============================================
[2026-01-19T14:49:17+10:00] [INFO] ============================================
[2026-01-19T14:49:17+10:00] [INFO] USB Stick Verification
[2026-01-19T14:49:17+10:00] [INFO] USB Stick Verification
[2026-01-19T14:49:17+10:00] [INFO] ============================================
[2026-01-19T14:49:17+10:00] [INFO] ============================================

[2026-01-19T14:49:17+10:00] [INFO] Checking USB structure...
[2026-01-19T14:49:17+10:00] [INFO] Checking USB structure...

NAME     SIZE FSTYPE LABEL
sdb    114.6G        
├─sdb1 111.8G exfat  SONIC
├─sdb2    32M vfat   VTOYEFI
└─sdb3   2.3G ext4   FLASH

[2026-01-19T14:49:17+10:00] [OK] ✓ Ventoy bootloader detected
[2026-01-19T14:49:17+10:00] [OK] ✓ Ventoy bootloader detected

[2026-01-19T14:49:17+10:00] [OK] ✓ FLASH data partition found
[2026-01-19T14:49:17+10:00] [OK] ✓ FLASH data partition found
[2026-01-19T14:49:17+10:00] [INFO]   Partition: /dev/sdb3
[2026-01-19T14:49:17+10:00] [INFO]   Partition: /dev/sdb3

[2026-01-19T14:49:17+10:00] [OK] ✓ SONIC main partition found
[2026-01-19T14:49:17+10:00] [OK] ✓ SONIC main partition found

[2026-01-19T14:49:17+10:00] [INFO] Attempting to check ventoy.json...
[2026-01-19T14:49:17+10:00] [INFO] Attempting to check ventoy.json...
[2026-01-19T14:49:17+10:00] [OK] ✓ ventoy.json is valid
[2026-01-19T14:49:17+10:00] [OK] ✓ ventoy.json is valid

[2026-01-19T14:49:17+10:00] [INFO] ============================================
[2026-01-19T14:49:17+10:00] [INFO] ============================================
[2026-01-19T14:49:17+10:00] [INFO] Verification Complete
[2026-01-19T14:49:17+10:00] [INFO] Verification Complete
[2026-01-19T14:49:17+10:00] [INFO] ============================================
[2026-01-19T14:49:17+10:00] [INFO] ============================================
✓ Stick appears functional - ready to boot!

Press Enter to continue...
Select an action:
  1) Download payloads (ISOs, Ventoy, Pi images)
  2) Install/Upgrade Ventoy only
  3) Reflash stick (install Ventoy + copy ISOs + data partition)
  4) Rebuild from scratch (wipe and rebuild)
  5) Create data partition only
  6) Scan library (refresh iso-catalog)
  7) Fix 'not a standard ventoy' error
  8) Verify stick (check structure and configuration)
  9) Collect support logs
  10) Quit

Choice [1-10]: [2026-01-19T14:49:28+10:00] [OK] Done
[2026-01-19T14:49:28+10:00] [OK] Done
