[2026-01-19T10:45:05+10:00] [INFO] Logging to /home/wizard/Code/sonic-stick/LOGS/sonic-stick-2026-01-19T10:45:05+10:00.log
[2026-01-19T10:45:05+10:00] [INFO] ============================================
[2026-01-19T10:45:05+10:00] [INFO] ============================================
[2026-01-19T10:45:05+10:00] [INFO] Sonic Stick Launcher
[2026-01-19T10:45:05+10:00] [INFO] Sonic Stick Launcher
[2026-01-19T10:45:05+10:00] [INFO] ============================================
[2026-01-19T10:45:05+10:00] [INFO] ============================================
[2026-01-19T10:45:05+10:00] [INFO] Target USB device: /dev/sdb (override with USB=/dev/sdX)
[2026-01-19T10:45:05+10:00] [INFO] Target USB device: /dev/sdb (override with USB=/dev/sdX)
[2026-01-19T10:45:05+10:00] [INFO] Ventoy version: 1.1.10
[2026-01-19T10:45:05+10:00] [INFO] Ventoy version: 1.1.10
[2026-01-19T10:45:05+10:00] [INFO] Repo: /home/wizard/Code/sonic-stick
[2026-01-19T10:45:05+10:00] [INFO] Repo: /home/wizard/Code/sonic-stick

Select an action:
  1) Download payloads (ISOs, Ventoy, Pi images)
  2) Install/Upgrade Ventoy only
  3) Reflash stick (install Ventoy + copy ISOs + data partition)
  4) Rebuild from scratch (wipe and rebuild)
  5) Create data partition only
  6) Scan library (refresh iso-catalog)
  7) Collect support logs
  8) Quit

Choice [1-8]: [2026-01-19T10:45:25+10:00] [INFO] ============================================
[2026-01-19T10:45:25+10:00] [INFO] ============================================
[2026-01-19T10:45:25+10:00] [INFO] Install/Upgrade Ventoy
[2026-01-19T10:45:25+10:00] [INFO] Install/Upgrade Ventoy
[2026-01-19T10:45:25+10:00] [INFO] ============================================
[2026-01-19T10:45:25+10:00] [INFO] ============================================
[2026-01-19T10:45:25+10:00] [INFO] Logging to /home/wizard/Code/sonic-stick/LOGS/sonic-stick-2026-01-19T10:45:05+10:00.log
[2026-01-19T10:45:25+10:00] [INFO] Logging to /home/wizard/Code/sonic-stick/LOGS/sonic-stick-2026-01-19T10:45:05+10:00.log
[2026-01-19T10:45:25+10:00] [INFO] Environment snapshot:
[2026-01-19T10:45:25+10:00] [INFO] Environment snapshot:
[2026-01-19T10:45:25+10:00] [INFO] Environment snapshot:
[2026-01-19T10:45:25+10:00] [ERROR] Command failed (exit 1) at line 101: [[ "${DEBUG:-0}" != "0" ]]
[2026-01-19T10:45:25+10:00] [ERROR] Command failed (exit 1) at line 101: [[ "${DEBUG:-0}" != "0" ]]
[2026-01-19T10:45:25+10:00] [ERROR] Command failed (exit 1) at line 101: [[ "${DEBUG:-0}" != "0" ]]
[2026-01-19T10:45:25+10:00] [ERROR] Command failed (exit 1) at line 47: USB="$USB" VENTOY_VER="$VENTOY_VERSION_DEFAULT" bash "$SCRIPT_DIR/install-ventoy.sh"
[2026-01-19T10:45:25+10:00] [ERROR] Command failed (exit 1) at line 47: USB="$USB" VENTOY_VER="$VENTOY_VERSION_DEFAULT" bash "$SCRIPT_DIR/install-ventoy.sh"
