[2026-01-19T11:00:48+10:00] [INFO] Logging to /home/wizard/Code/sonic-stick/LOGS/sonic-stick-2026-01-19T11:00:48+10:00.log
[2026-01-19T11:00:48+10:00] [INFO] ============================================
[2026-01-19T11:00:48+10:00] [INFO] ============================================
[2026-01-19T11:00:48+10:00] [INFO] Sonic Stick Launcher
[2026-01-19T11:00:48+10:00] [INFO] Sonic Stick Launcher
[2026-01-19T11:00:48+10:00] [INFO] ============================================
[2026-01-19T11:00:48+10:00] [INFO] ============================================
[2026-01-19T11:00:48+10:00] [INFO] Target USB device: /dev/sdb (override with USB=/dev/sdX)
[2026-01-19T11:00:48+10:00] [INFO] Target USB device: /dev/sdb (override with USB=/dev/sdX)
[2026-01-19T11:00:48+10:00] [INFO] Ventoy version: 1.1.10
[2026-01-19T11:00:48+10:00] [INFO] Ventoy version: 1.1.10
[2026-01-19T11:00:48+10:00] [INFO] Repo: /home/wizard/Code/sonic-stick
[2026-01-19T11:00:48+10:00] [INFO] Repo: /home/wizard/Code/sonic-stick

Select an action:
  1) Download payloads (ISOs, Ventoy, Pi images)
  2) Install/Upgrade Ventoy only
  3) Reflash stick (install Ventoy + copy ISOs + data partition)
  4) Rebuild from scratch (wipe and rebuild)
  5) Create data partition only
  6) Scan library (refresh iso-catalog)
  7) Collect support logs
  8) Quit

Choice [1-8]: [2026-01-19T11:00:52+10:00] [INFO] ============================================
[2026-01-19T11:00:52+10:00] [INFO] ============================================
[2026-01-19T11:00:52+10:00] [INFO] Install/Upgrade Ventoy
[2026-01-19T11:00:52+10:00] [INFO] Install/Upgrade Ventoy
[2026-01-19T11:00:52+10:00] [INFO] ============================================
[2026-01-19T11:00:52+10:00] [INFO] ============================================
[2026-01-19T11:00:52+10:00] [INFO] Logging to /home/wizard/Code/sonic-stick/LOGS/sonic-stick-2026-01-19T11:00:48+10:00.log
[2026-01-19T11:00:52+10:00] [INFO] Logging to /home/wizard/Code/sonic-stick/LOGS/sonic-stick-2026-01-19T11:00:48+10:00.log
[2026-01-19T11:00:52+10:00] [INFO] Environment snapshot:
[2026-01-19T11:00:52+10:00] [INFO] Environment snapshot:
[2026-01-19T11:00:52+10:00] [INFO] Environment snapshot:
[2026-01-19T11:00:52+10:00] [INFO] uname: Linux wizard-dell-server 6.8.0-90-generic #91~22.04.1-Ubuntu SMP PREEMPT_DYNAMIC Thu Nov 20 15:20:45 UTC 2 x86_64 x86_64 x86_64 GNU/Linux
[2026-01-19T11:00:52+10:00] [INFO] uname: Linux wizard-dell-server 6.8.0-90-generic #91~22.04.1-Ubuntu SMP PREEMPT_DYNAMIC Thu Nov 20 15:20:45 UTC 2 x86_64 x86_64 x86_64 GNU/Linux
[2026-01-19T11:00:52+10:00] [INFO] uname: Linux wizard-dell-server 6.8.0-90-generic #91~22.04.1-Ubuntu SMP PREEMPT_DYNAMIC Thu Nov 20 15:20:45 UTC 2 x86_64 x86_64 x86_64 GNU/Linux
[2026-01-19T11:00:52+10:00] [INFO] lsblk: NAME     SIZE FSTYPE   LABEL;loop0      4K squashfs ;loop1   74.3M squashfs ;loop2   73.9M squashfs ;loop3  271.2M squashfs ;loop4  251.6M squashfs ;loop5  505.1M squashfs ;loop6  531.4M squashfs ;loop7   91.7M squashfs ;loop8   12.9M squashfs ;loop9   38.8M squashfs ;loop10  48.1M squashfs ;loop11   500K squashfs ;loop12   576K squashfs ;sda    238.5G          ;├─sda1   512M vfat     ;└─sda2   238G ext4     ;sdb    114.6G          ;├─sdb1 114.6G exfat    SONIC;└─sdb2    32M vfat     VTOYEFI;sr0     1024M          ;
[2026-01-19T11:00:52+10:00] [INFO] lsblk: NAME     SIZE FSTYPE   LABEL;loop0      4K squashfs ;loop1   74.3M squashfs ;loop2   73.9M squashfs ;loop3  271.2M squashfs ;loop4  251.6M squashfs ;loop5  505.1M squashfs ;loop6  531.4M squashfs ;loop7   91.7M squashfs ;loop8   12.9M squashfs ;loop9   38.8M squashfs ;loop10  48.1M squashfs ;loop11   500K squashfs ;loop12   576K squashfs ;sda    238.5G          ;├─sda1   512M vfat     ;└─sda2   238G ext4     ;sdb    114.6G          ;├─sdb1 114.6G exfat    SONIC;└─sdb2    32M vfat     VTOYEFI;sr0     1024M          ;
[2026-01-19T11:00:52+10:00] [INFO] lsblk: NAME     SIZE FSTYPE   LABEL;loop0      4K squashfs ;loop1   74.3M squashfs ;loop2   73.9M squashfs ;loop3  271.2M squashfs ;loop4  251.6M squashfs ;loop5  505.1M squashfs ;loop6  531.4M squashfs ;loop7   91.7M squashfs ;loop8   12.9M squashfs ;loop9   38.8M squashfs ;loop10  48.1M squashfs ;loop11   500K squashfs ;loop12   576K squashfs ;sda    238.5G          ;├─sda1   512M vfat     ;└─sda2   238G ext4     ;sdb    114.6G          ;├─sdb1 114.6G exfat    SONIC;└─sdb2    32M vfat     VTOYEFI;sr0     1024M          ;
[2026-01-19T11:00:52+10:00] [INFO] df: Filesystem      Size  Used Avail Mounted on;tmpfs           764M  2.1M  762M /run;/dev/sda2       234G   33G  189G /;tmpfs           3.8G   15M  3.8G /dev/shm;tmpfs           5.0M  4.0K  5.0M /run/lock;efivarfs        256K   85K  167K /sys/firmware/efi/efivars;/dev/sda1       511M  6.1M  505M /boot/efi;tmpfs           764M  112K  764M /run/user/1000;/dev/sdb1       115G   14G  102G /media/wizard/SONIC;
[2026-01-19T11:00:52+10:00] [INFO] df: Filesystem      Size  Used Avail Mounted on;tmpfs           764M  2.1M  762M /run;/dev/sda2       234G   33G  189G /;tmpfs           3.8G   15M  3.8G /dev/shm;tmpfs           5.0M  4.0K  5.0M /run/lock;efivarfs        256K   85K  167K /sys/firmware/efi/efivars;/dev/sda1       511M  6.1M  505M /boot/efi;tmpfs           764M  112K  764M /run/user/1000;/dev/sdb1       115G   14G  102G /media/wizard/SONIC;
[2026-01-19T11:00:52+10:00] [INFO] df: Filesystem      Size  Used Avail Mounted on;tmpfs           764M  2.1M  762M /run;/dev/sda2       234G   33G  189G /;tmpfs           3.8G   15M  3.8G /dev/shm;tmpfs           5.0M  4.0K  5.0M /run/lock;efivarfs        256K   85K  167K /sys/firmware/efi/efivars;/dev/sda1       511M  6.1M  505M /boot/efi;tmpfs           764M  112K  764M /run/user/1000;/dev/sdb1       115G   14G  102G /media/wizard/SONIC;
[2026-01-19T11:00:52+10:00] [INFO] ============================================
[2026-01-19T11:00:52+10:00] [INFO] ============================================
[2026-01-19T11:00:52+10:00] [INFO] ============================================
[2026-01-19T11:00:52+10:00] [INFO] Ventoy Installer - install mode
[2026-01-19T11:00:52+10:00] [INFO] Ventoy Installer - install mode
[2026-01-19T11:00:52+10:00] [INFO] Ventoy Installer - install mode
[2026-01-19T11:00:52+10:00] [INFO] ============================================
[2026-01-19T11:00:52+10:00] [INFO] ============================================
[2026-01-19T11:00:52+10:00] [INFO] ============================================
[2026-01-19T11:00:52+10:00] [INFO] Target USB: /dev/sdb
[2026-01-19T11:00:52+10:00] [INFO] Target USB: /dev/sdb
[2026-01-19T11:00:52+10:00] [INFO] Target USB: /dev/sdb
[2026-01-19T11:00:52+10:00] [INFO] Ventoy version: 1.1.10
[2026-01-19T11:00:52+10:00] [INFO] Ventoy version: 1.1.10
[2026-01-19T11:00:52+10:00] [INFO] Ventoy version: 1.1.10
NAME   MAJ:MIN RM   SIZE RO TYPE MOUNTPOINTS
sdb      8:16   1 114.6G  0 disk 
├─sdb1   8:17   1 114.6G  0 part /media/wizard/SONIC
└─sdb2   8:18   1    32M  0 part 
NAME   MAJ:MIN RM   SIZE RO TYPE MOUNTPOINTS
sdb      8:16   1 114.6G  0 disk 
├─sdb1   8:17   1 114.6G  0 part /media/wizard/SONIC
└─sdb2   8:18   1    32M  0 part 
Type 'ERASE' to proceed with install: Type 'ERASE' to proceed with install: [2026-01-19T11:00:58+10:00] [WARN] Cancelled by user
[2026-01-19T11:00:58+10:00] [WARN] Cancelled by user
[2026-01-19T11:00:58+10:00] [WARN] Cancelled by user
Press Enter to continue...
Select an action:
  1) Download payloads (ISOs, Ventoy, Pi images)
  2) Install/Upgrade Ventoy only
  3) Reflash stick (install Ventoy + copy ISOs + data partition)
  4) Rebuild from scratch (wipe and rebuild)
  5) Create data partition only
  6) Scan library (refresh iso-catalog)
  7) Collect support logs
  8) Quit

Choice [1-8]: [2026-01-19T11:01:06+10:00] [INFO] ============================================
[2026-01-19T11:01:06+10:00] [INFO] ============================================
[2026-01-19T11:01:06+10:00] [INFO] Scan library
[2026-01-19T11:01:06+10:00] [INFO] Scan library
[2026-01-19T11:01:06+10:00] [INFO] ============================================
[2026-01-19T11:01:06+10:00] [INFO] ============================================
[2026-01-19T11:01:06+10:00] [INFO] Logging to /home/wizard/Code/sonic-stick/LOGS/sonic-stick-2026-01-19T11:00:48+10:00.log
[2026-01-19T11:01:06+10:00] [INFO] Logging to /home/wizard/Code/sonic-stick/LOGS/sonic-stick-2026-01-19T11:00:48+10:00.log
[2026-01-19T11:01:06+10:00] [INFO] Starting library scan
[2026-01-19T11:01:06+10:00] [INFO] Starting library scan
[2026-01-19T11:01:06+10:00] [INFO] Starting library scan
[0;34m═══════════════════════════════════════[0m
[0;34mSonic Stick Library Scanner[0m
[0;34m═══════════════════════════════════════[0m
[0;34mSonic Stick Library Scanner[0m
[0;34m═══════════════════════════════════════[0m
[0;34m═══════════════════════════════════════[0m
[1;33mData partition not found at /mnt/sonic-data[0m
Please mount the SONIC_DATA partition first:
  sudo mount /dev/sdX3 /mnt/sonic-data
[1;33mData partition not found at /mnt/sonic-data[0m
Please mount the SONIC_DATA partition first:
  sudo mount /dev/sdX3 /mnt/sonic-data
[2026-01-19T11:01:06+10:00] [ERROR] Command failed (exit 1) at line 66: bash "$SCRIPT_DIR/scan-library.sh" "$DATA_MNT" "$VTOY_MNT"
[2026-01-19T11:01:06+10:00] [ERROR] Command failed (exit 1) at line 66: bash "$SCRIPT_DIR/scan-library.sh" "$DATA_MNT" "$VTOY_MNT"
