
**********************************************
      Ventoy: 1.1.10  x86_64
      longpanda admin@ventoy.net
      https://www.ventoy.net
**********************************************

Disk : /dev/sdb
Model:  USB  SanDisk 3.2Gen1 (scsi)
Size : 114 GiB
Style: GPT


[33mAttention:[0m
[33mYou will install Ventoy to /dev/sdb.[0m
[33mAll the data on the disk /dev/sdb will be lost!!![0m

NAME   SIZE TYPE FSTYPE LABEL
sdb  114.6G disk        
NAME   SIZE TYPE FSTYPE LABEL
sdb  114.6G disk        
NAME   SIZE TYPE FSTYPE LABEL
sdb  114.6G disk        
NAME   SIZE TYPE FSTYPE LABEL
sdb  114.6G disk        
NAME   SIZE TYPE FSTYPE LABEL
sdb  114.6G disk        
NAME   SIZE TYPE FSTYPE LABEL
sdb  114.6G disk        
NAME   SIZE TYPE FSTYPE LABEL
sdb  114.6G disk        
NAME   SIZE TYPE FSTYPE LABEL
sdb  114.6G disk        
NAME   SIZE TYPE FSTYPE LABEL
sdb  114.6G disk        
NAME   SIZE TYPE FSTYPE LABEL
sdb  114.6G disk        
NAME   SIZE TYPE FSTYPE LABEL
sdb  114.6G disk        
NAME   SIZE TYPE FSTYPE LABEL
sdb  114.6G disk        
NAME   SIZE TYPE FSTYPE LABEL
sdb  114.6G disk        
NAME   SIZE TYPE FSTYPE LABEL
sdb  114.6G disk        
NAME   SIZE TYPE FSTYPE LABEL
sdb  114.6G disk        
NAME   SIZE TYPE FSTYPE LABEL
sdb  114.6G disk        
NAME   SIZE TYPE FSTYPE LABEL
sdb  114.6G disk        
NAME   SIZE TYPE FSTYPE LABEL
sdb  114.6G disk        
NAME   SIZE TYPE FSTYPE LABEL
sdb  114.6G disk        
NAME   SIZE TYPE FSTYPE LABEL
sdb  114.6G disk        
NAME   SIZE TYPE FSTYPE LABEL
sdb  114.6G disk        
NAME   SIZE TYPE FSTYPE LABEL
sdb  114.6G disk        
NAME   SIZE TYPE FSTYPE LABEL
sdb  114.6G disk        
NAME   SIZE TYPE FSTYPE LABEL
sdb  114.6G disk        
NAME   SIZE TYPE FSTYPE LABEL
sdb  114.6G disk        
NAME   SIZE TYPE FSTYPE LABEL
sdb  114.6G disk        
NAME   SIZE TYPE FSTYPE LABEL
sdb  114.6G disk        
NAME   SIZE TYPE FSTYPE LABEL
sdb  114.6G disk        
NAME   SIZE TYPE FSTYPE LABEL
sdb  114.6G disk        
NAME   SIZE TYPE FSTYPE LABEL
sdb  114.6G disk        
NAME   SIZE TYPE FSTYPE LABEL
sdb  114.6G disk        
NAME   SIZE TYPE FSTYPE LABEL
sdb  114.6G disk        
NAME   SIZE TYPE FSTYPE LABEL
sdb  114.6G disk        
NAME   SIZE TYPE FSTYPE LABEL
sdb  114.6G disk        
NAME   SIZE TYPE FSTYPE LABEL
sdb  114.6G disk        
NAME   SIZE TYPE FSTYPE LABEL
sdb  114.6G disk        
NAME   SIZE TYPE FSTYPE LABEL
sdb  114.6G disk        
NAME   SIZE TYPE FSTYPE LABEL
sdb  114.6G disk        
NAME   SIZE TYPE FSTYPE LABEL
sdb  114.6G disk        
NAME   SIZE TYPE FSTYPE LABEL
sdb  114.6G disk        
NAME   SIZE TYPE FSTYPE LABEL
sdb  114.6G disk        
NAME   SIZE TYPE FSTYPE LABEL
sdb  114.6G disk        
NAME   SIZE TYPE FSTYPE LABEL
sdb  114.6G disk        
NAME   SIZE TYPE FSTYPE LABEL
sdb  114.6G disk        
NAME   SIZE TYPE FSTYPE LABEL
sdb  114.6G disk        
NAME   SIZE TYPE FSTYPE LABEL
sdb  114.6G disk        
NAME   SIZE TYPE FSTYPE LABEL
sdb  114.6G disk        
NAME   SIZE TYPE FSTYPE LABEL
sdb  114.6G disk        
NAME   SIZE TYPE FSTYPE LABEL
sdb  114.6G disk        
NAME   SIZE TYPE FSTYPE LABEL
sdb  114.6G disk        
NAME   SIZE TYPE FSTYPE LABEL
sdb  114.6G disk        
NAME   SIZE TYPE FSTYPE LABEL
sdb  114.6G disk        
NAME   SIZE TYPE FSTYPE LABEL
sdb  114.6G disk        
NAME   SIZE TYPE FSTYPE LABEL
sdb  114.6G disk        
NAME   SIZE TYPE FSTYPE LABEL
sdb  114.6G disk        
NAME   SIZE TYPE FSTYPE LABEL
sdb  114.6G disk        
NAME   SIZE TYPE FSTYPE LABEL
sdb  114.6G disk        
NAME   SIZE TYPE FSTYPE LABEL
sdb  114.6G disk        
NAME   SIZE TYPE FSTYPE LABEL
sdb  114.6G disk        
NAME   SIZE TYPE FSTYPE LABEL
sdb  114.6G disk        

**********************************************
      Ventoy: 1.1.10  x86_64
      longpanda admin@ventoy.net
      https://www.ventoy.net
**********************************************

Disk : /dev/sdb
Model:  USB  SanDisk 3.2Gen1 (scsi)
Size : 114 GiB
Style: GPT


[33mAttention:[0m
[33mYou will install Ventoy to /dev/sdb.[0m
[33mAll the data on the disk /dev/sdb will be lost!!![0m

NAME   SIZE TYPE FSTYPE LABEL
sdb  114.6G disk        
NAME   SIZE TYPE FSTYPE LABEL
sdb  114.6G disk        
NAME   SIZE TYPE FSTYPE LABEL
sdb  114.6G disk        
NAME   SIZE TYPE FSTYPE LABEL
sdb  114.6G disk        
NAME   SIZE TYPE FSTYPE LABEL
sdb  114.6G disk        
NAME   SIZE TYPE FSTYPE LABEL
sdb  114.6G disk        
NAME   SIZE TYPE FSTYPE LABEL
sdb  114.6G disk        
NAME   SIZE TYPE FSTYPE LABEL
sdb  114.6G disk        
NAME   SIZE TYPE FSTYPE LABEL
sdb  114.6G disk        
NAME   SIZE TYPE FSTYPE LABEL
sdb  114.6G disk        
NAME   SIZE TYPE FSTYPE LABEL
sdb  114.6G disk        
NAME   SIZE TYPE FSTYPE LABEL
sdb  114.6G disk        
NAME   SIZE TYPE FSTYPE LABEL
sdb  114.6G disk        
NAME   SIZE TYPE FSTYPE LABEL
sdb  114.6G disk        
NAME   SIZE TYPE FSTYPE LABEL
sdb  114.6G disk        
NAME   SIZE TYPE FSTYPE LABEL
sdb  114.6G disk        
NAME   SIZE TYPE FSTYPE LABEL
sdb  114.6G disk        
NAME   SIZE TYPE FSTYPE LABEL
sdb  114.6G disk        
NAME   SIZE TYPE FSTYPE LABEL
sdb  114.6G disk        
NAME   SIZE TYPE FSTYPE LABEL
sdb  114.6G disk        
NAME   SIZE TYPE FSTYPE LABEL
sdb  114.6G disk        
NAME   SIZE TYPE FSTYPE LABEL
sdb  114.6G disk        
NAME   SIZE TYPE FSTYPE LABEL
sdb  114.6G disk        
NAME   SIZE TYPE FSTYPE LABEL
sdb  114.6G disk        
NAME   SIZE TYPE FSTYPE LABEL
sdb  114.6G disk        
NAME   SIZE TYPE FSTYPE LABEL
sdb  114.6G disk        
NAME   SIZE TYPE FSTYPE LABEL
sdb  114.6G disk        
NAME   SIZE TYPE FSTYPE LABEL
sdb  114.6G disk        
NAME   SIZE TYPE FSTYPE LABEL
sdb  114.6G disk        
NAME   SIZE TYPE FSTYPE LABEL
sdb  114.6G disk        
